102;Archivo no encontrado;Syd;richard1.txt
102;Archivo no encontrado;David;nicholas1.txt
102;Archivo no encontrado;David;roger2.txt
102;Archivo no encontrado;David;roger3.txt
102;Archivo no encontrado;David;roger3.txt
102;Archivo no encontrado;David;syd2.txt
102;Archivo no encontrado;Nicholas;david3.txt
102;Archivo no encontrado;Nicholas;nicholas3.txt
102;Archivo no encontrado;Nicholas;roger1.txt
102;Archivo no encontrado;Richard;david2.txt
102;Archivo no encontrado;Richard;nicholas3.txt
102;Archivo no encontrado;Richard;richard2.txt
102;Archivo no encontrado;Roger;david2.txt
102;Archivo no encontrado;Roger;nicholas2.txt
102;Archivo no encontrado;Roger;roger1.txt
102;Archivo no encontrado;Syd;david3.txt
102;Archivo no encontrado;Syd;syd1.txt
378;Formato inválido;David;nicholas2.txt
378;Formato inválido;David;richard2.txt
378;Formato inválido;David;syd1.txt
378;Formato inválido;David;syd3.txt
378;Formato inválido;Nicholas;david2.txt
378;Formato inválido;Nicholas;nicholas3.txt
378;Formato inválido;Nicholas;roger2.txt
378;Formato inválido;Nicholas;roger3.txt
378;Formato inválido;Nicholas;syd1.txt
378;Formato inválido;Richard;david1.txt
378;Formato inválido;Richard;roger1.txt
378;Formato inválido;Richard;roger3.txt
378;Formato inválido;Roger;david3.txt
378;Formato inválido;Roger;nicholas2.txt
378;Formato inválido;Roger;richard1.txt
378;Formato inválido;Roger;richard1.txt
378;Formato inválido;Roger;richard3.txt
378;Formato inválido;Roger;roger1.txt
378;Formato inválido;Roger;syd2.txt
378;Formato inválido;Roger;syd3.txt
378;Formato inválido;Syd;richard2.txt
456;Permiso denegado;David;david1.txt
456;Permiso denegado;David;david2.txt
456;Permiso denegado;David;david3.txt
456;Permiso denegado;David;nicholas2.txt
456;Permiso denegado;David;roger3.txt
456;Permiso denegado;David;syd3.txt
456;Permiso denegado;Nicholas;nicholas2.txt
456;Permiso denegado;Richard;david2.txt
456;Permiso denegado;Richard;nicholas1.txt
456;Permiso denegado;Richard;syd2.txt
456;Permiso denegado;Roger;nicholas1.txt
456;Permiso denegado;Roger;nicholas3.txt
456;Permiso denegado;Roger;richard2.txt
456;Permiso denegado;Syd;nicholas2.txt
456;Permiso denegado;Syd;roger1.txt
456;Permiso denegado;Syd;roger3.txt
456;Permiso denegado;Syd;syd1.txt
741;Espacio insuficiente;David;david3.txt
741;Espacio insuficiente;David;nicholas3.txt
741;Espacio insuficiente;David;richard2.txt
741;Espacio insuficiente;David;richard3.txt
741;Espacio insuficiente;David;syd3.txt
741;Espacio insuficiente;Nicholas;nicholas1.txt
741;Espacio insuficiente;Nicholas;richard2.txt
741;Espacio insuficiente;Nicholas;syd1.txt
741;Espacio insuficiente;Nicholas;syd1.txt
741;Espacio insuficiente;Richard;nicholas1.txt
741;Espacio insuficiente;Richard;richard1.txt
741;Espacio insuficiente;Richard;richard1.txt
741;Espacio insuficiente;Richard;richard1.txt
741;Espacio insuficiente;Richard;richard2.txt
741;Espacio insuficiente;Richard;richard3.txt
741;Espacio insuficiente;Richard;roger2.txt
741;Espacio insuficiente;Richard;syd3.txt
741;Espacio insuficiente;Roger;david2.txt
741;Espacio insuficiente;Roger;syd1.txt
741;Espacio insuficiente;Syd;david2.txt
741;Espacio insuficiente;Syd;richard2.txt
741;Espacio insuficiente;Syd;roger1.txt
963;Conexión interrumpida;David;david1.txt
963;Conexión interrumpida;David;richard1.txt
963;Conexión interrumpida;David;richard2.txt
963;Conexión interrumpida;David;richard3.txt
963;Conexión interrumpida;David;syd3.txt
963;Conexión interrumpida;Nicholas;richard2.txt
963;Conexión interrumpida;Nicholas;richard2.txt
963;Conexión interrumpida;Nicholas;syd1.txt
963;Conexión interrumpida;Nicholas;syd3.txt
963;Conexión interrumpida;Richard;nicholas3.txt
963;Conexión interrumpida;Richard;richard2.txt
963;Conexión interrumpida;Richard;richard3.txt
963;Conexión interrumpida;Richard;richard3.txt
963;Conexión interrumpida;Richard;syd2.txt
963;Conexión interrumpida;Richard;syd3.txt
963;Conexión interrumpida;Roger;david1.txt
963;Conexión interrumpida;Roger;david2.txt
963;Conexión interrumpida;Roger;david3.txt
963;Conexión interrumpida;Roger;richard1.txt
963;Conexión interrumpida;Roger;richard2.txt
963;Conexión interrumpida;Syd;david2.txt
963;Conexión interrumpida;Syd;richard1.txt
963;Conexión interrumpida;Syd;roger3.txt
